<?xml version="1.0" encoding="UTF-8"?>
<!-- Generated by org.testng.reporters.JUnitXMLReporter -->
<testsuite hostname="NJCDTL03TM0338" ignored="0" name="Default test" tests="5" failures="0" timestamp="10 Mar 2020 21:45:17 GMT" time="3.485" errors="0">
  <testcase name="GetTempInCelsiusUnitTest" time="1.359" classname="com.testautomation.APIAutomation.test.WeatherAPITest"/>
  <testcase name="GetTempInFahrenheitUnitTest" time="0.129" classname="com.testautomation.APIAutomation.test.WeatherAPITest"/>
  <testcase name="GetWeatherInDiffLangTest" time="0.065" classname="com.testautomation.APIAutomation.test.WeatherAPITest"/>
  <testcase name="GetWeatherInJSONFormatTest" time="0.069" classname="com.testautomation.APIAutomation.test.WeatherAPITest"/>
  <testcase name="GetWeatherInXMLFormatTest" time="0.265" classname="com.testautomation.APIAutomation.test.WeatherAPITest"/>
</testsuite> <!-- Default test -->
