<?xml version="1.0" encoding="UTF-8"?>
<!-- Generated by org.testng.reporters.JUnitXMLReporter -->
<testsuite hostname="NJCDTL03TM0338" ignored="0" name="WeatherAPITest" tests="5" failures="0" timestamp="10 Mar 2020 22:13:53 GMT" time="3.385" errors="0">
  <testcase name="GetTempInCelsiusUnitTest" time="1.337" classname="com.testautomation.APIAutomation.test.WeatherAPITest"/>
  <testcase name="GetTempInFahrenheitUnitTest" time="0.068" classname="com.testautomation.APIAutomation.test.WeatherAPITest"/>
  <testcase name="GetWeatherInDiffLangTest" time="0.067" classname="com.testautomation.APIAutomation.test.WeatherAPITest"/>
  <testcase name="GetWeatherInJSONFormatTest" time="0.077" classname="com.testautomation.APIAutomation.test.WeatherAPITest"/>
  <testcase name="GetWeatherInXMLFormatTest" time="0.273" classname="com.testautomation.APIAutomation.test.WeatherAPITest"/>
</testsuite> <!-- WeatherAPITest -->
